2021-11-09 20:02:14.040  INFO 2664 --- [main] lavalink.server.Launcher                 : 

[32m       .  [31m _                  _ _       _    [32m__ _ _
[32m      /\\ [31m| | __ ___   ____ _| (_)_ __ | | __[32m\ \ \ \
[32m     ( ( )[31m| |/ _` \ \ / / _` | | | '_ \| |/ /[32m \ \ \ \
[32m      \\/ [31m| | (_| |\ V / (_| | | | | | |   < [32m  ) ) ) )
[32m       '  [31m|_|\__,_| \_/ \__,_|_|_|_| |_|_|\_\[32m / / / /
[0m    =========================================[32m/_/_/_/[0m

	Version:        3.4
	Build:          1257
	Build time:     26.10.2021 14:18:37 UTC
	Branch          master
	Commit:         a364833
	Commit time:    26.10.2021 14:15:20 UTC
	JVM:            16.0.2
	Lavaplayer      1.3.96-original

2021-11-09 20:02:14.251  INFO 2664 --- [main] lavalink.server.Launcher                 : Starting Launcher on DESKTOP-0TMB7IQ with PID 2664 (C:\Users\HP\Desktop\DiscordBot\Beatz\Lavalink.jar started by HP in C:\Users\HP\Desktop\DiscordBot\Beatz)
2021-11-09 20:02:14.252  INFO 2664 --- [main] lavalink.server.Launcher                 : No active profile set, falling back to default profiles: default
2021-11-09 20:02:14.258  WARN 2664 --- [background-preinit] o.s.h.c.j.Jackson2ObjectMapperBuilder    : For Jackson Kotlin classes support please add "com.fasterxml.jackson.module:jackson-module-kotlin" to the classpath
2021-11-09 20:02:24.107  WARN 2664 --- [main] io.undertow.websockets.jsr               : UT026010: Buffer pool was not set on WebSocketDeploymentInfo, the default pool will be used
2021-11-09 20:02:24.214  INFO 2664 --- [main] io.undertow.servlet                      : Initializing Spring embedded WebApplicationContext
2021-11-09 20:02:24.214  INFO 2664 --- [main] o.s.web.context.ContextLoader            : Root WebApplicationContext: initialization completed in 9877 ms
2021-11-09 20:02:25.432  WARN 2664 --- [main] l.server.config.SentryConfiguration      : Turning off sentry
2021-11-09 20:02:30.758  INFO 2664 --- [main] c.s.d.l.tools.GarbageCollectionMonitor   : GC monitoring enabled, reporting results every 2 minutes.
